<?xml version="1.0" encoding="UTF-8"?>
<!-- Generated by org.testng.reporters.JUnitXMLReporter -->
<testsuite ignored="0" hostname="Samsung1404" failures="1" tests="1" name="Cinemad" time="7.565" errors="0" timestamp="11 Aug 2018 23:29:16 GMT">
  <testcase classname="diogo.Cinemad.Test.Home.testJwPlayer" name="test_home_dress_new_page" time="0.057">
    <failure type="java.lang.NullPointerException">
      <![CDATA[java.lang.NullPointerException
at diogo.Cinemad.VideoBase.VideoBase.open(VideoBase.java:18)
at diogo.Cinemad.Test.Home.testJwPlayer.test_home_dress_new_page(testJwPlayer.java:22)
... Removed 25 stack frames]]>
    </failure>
  </testcase> <!-- test_home_dress_new_page -->
</testsuite> <!-- Cinemad -->
