<?xml version="1.0" encoding="UTF-8"?>
<testng-results ignored="0" total="1" passed="1" failed="0" skipped="0">
  <reporter-output>
  </reporter-output>
  <suite started-at="2018-08-15T14:43:40Z" name="Default suite" finished-at="2018-08-15T14:44:22Z" duration-ms="42741">
    <groups>
    </groups>
    <test started-at="2018-08-15T14:43:40Z" name="Default test" finished-at="2018-08-15T14:44:22Z" duration-ms="42741">
      <class name="diogo.Cinemad.Test.Home.testJwPlayer">
        <test-method is-config="true" signature="setUpForTests()[pri:0, instance:diogo.Cinemad.Test.Home.testJwPlayer@6a03bcb1]" started-at="2018-08-15T14:43:40Z" name="setUpForTests" finished-at="2018-08-15T14:43:50Z" duration-ms="9793" status="PASS">
          <reporter-output>
          </reporter-output>
        </test-method> <!-- setUpForTests -->
        <test-method is-config="true" signature="setUp()[pri:0, instance:diogo.Cinemad.Test.Home.testJwPlayer@6a03bcb1]" started-at="2018-08-15T14:43:50Z" name="setUp" finished-at="2018-08-15T14:43:50Z" duration-ms="0" status="PASS">
          <reporter-output>
          </reporter-output>
        </test-method> <!-- setUp -->
        <test-method signature="test_home_dress_interaction()[pri:0, instance:diogo.Cinemad.Test.Home.testJwPlayer@6a03bcb1]" started-at="2018-08-15T14:43:50Z" name="test_home_dress_interaction" finished-at="2018-08-15T14:44:22Z" duration-ms="32481" status="PASS">
          <reporter-output>
          </reporter-output>
        </test-method> <!-- test_home_dress_interaction -->
        <test-method is-config="true" signature="tearTest()[pri:0, instance:diogo.Cinemad.Test.Home.testJwPlayer@6a03bcb1]" started-at="2018-08-15T14:44:22Z" name="tearTest" finished-at="2018-08-15T14:44:22Z" duration-ms="384" status="PASS">
          <reporter-output>
          </reporter-output>
        </test-method> <!-- tearTest -->
      </class> <!-- diogo.Cinemad.Test.Home.testJwPlayer -->
    </test> <!-- Default test -->
  </suite> <!-- Default suite -->
</testng-results>
